<?xml version="1.0" encoding="UTF-8"?>
<testsuite time='0.255580' skipped='0' failures='0' errors='0' name="NthPrimeTest" assertions='6' tests='6'>
  <testcase time='0.255524' file="nth_prime_test.rb" name="test_big_prime" assertions='1'>
  </testcase>
  <testcase time='0.000007' file="nth_prime_test.rb" name="test_first_prime" assertions='1'>
  </testcase>
  <testcase time='0.000004' file="nth_prime_test.rb" name="test_bookkeeping" assertions='1'>
  </testcase>
  <testcase time='0.000022' file="nth_prime_test.rb" name="test_sixth_prime" assertions='1'>
  </testcase>
  <testcase time='0.000005' file="nth_prime_test.rb" name="test_second_prime" assertions='1'>
  </testcase>
  <testcase time='0.000019' file="nth_prime_test.rb" name="test_there_is_no_zeroth_prime" assertions='1'>
  </testcase>
</testsuite>
